<?xml version="1.0" encoding="UTF-8"?>
<!-- Generated by org.testng.reporters.JUnitReportReporter -->
<testsuite hostname="DESKTOP-9OTVNOD" failures="0" tests="4" name="testScript.LoginScript" time="11.553" errors="0" timestamp="1 Apr 2022 01:36:24 GMT">
  <testcase classname="testScript.LoginScript" name="performanceGlitchUser" time="6.119"/>
  <testcase classname="testScript.LoginScript" name="standaredUser" time="2.048"/>
  <testcase classname="testScript.LoginScript" name="lockedOutUser" time="1.985"/>
  <testcase classname="testScript.LoginScript" name="problemUser" time="1.401"/>
</testsuite> <!-- testScript.LoginScript -->
