<?xml version="1.0" encoding="UTF-8"?>
<!-- Generated by org.testng.reporters.JUnitReportReporter -->
<testsuite hostname="DESKTOP-9OTVNOD" name="testScritptThree.PerformanceGlitchUser" tests="1" failures="0" timestamp="18 Apr 2022 19:23:52 GMT" time="7.166" errors="0">
  <testcase name="performanceGlitchUser" time="7.166" classname="testScritptThree.PerformanceGlitchUser"/>
</testsuite> <!-- testScritptThree.PerformanceGlitchUser -->
