<?xml version="1.0" encoding="UTF-8"?>
<!-- Generated by org.testng.reporters.JUnitReportReporter -->
<testsuite hostname="DESKTOP-9OTVNOD" failures="0" tests="1" name="testScript.Annotaions" time="0.029" errors="0" timestamp="1 Apr 2022 00:50:54 GMT">
  <testcase classname="testScript.Annotaions" name="testAnnotation" time="0.029"/>
</testsuite> <!-- testScript.Annotaions -->
