<?xml version="1.0" encoding="UTF-8"?>
<!-- Generated by org.testng.reporters.JUnitReportReporter -->
<testsuite hostname="DESKTOP-9OTVNOD" name="testScript.TestNGLearning" tests="3" failures="0" timestamp="24 Apr 2022 15:35:16 GMT" time="0.071" errors="0">
  <testcase name="E" time="0.009" classname="testScript.TestNGLearning"/>
  <testcase name="A" time="0.041" classname="testScript.TestNGLearning"/>
  <testcase name="C" time="0.021" classname="testScript.TestNGLearning"/>
</testsuite> <!-- testScript.TestNGLearning -->
