<?xml version="1.0" encoding="UTF-8"?>
<!-- Generated by org.testng.reporters.JUnitReportReporter -->
<testsuite hostname="DESKTOP-9OTVNOD" failures="0" tests="1" name="testScript.Annotaions" time="0.034" errors="0" timestamp="1 Apr 2022 22:22:26 GMT">
  <testcase classname="testScript.Annotaions" name="testOne" time="0.034"/>
</testsuite> <!-- testScript.Annotaions -->
