<?xml version="1.0" encoding="UTF-8"?>
<!-- Generated by org.testng.reporters.JUnitReportReporter -->
<testsuite hostname="DESKTOP-9OTVNOD" name="testScritptThree.ProblemUser" tests="1" failures="0" timestamp="18 Apr 2022 19:23:52 GMT" time="1.689" errors="0">
  <testcase name="problemUser" time="1.689" classname="testScritptThree.ProblemUser"/>
</testsuite> <!-- testScritptThree.ProblemUser -->
