<?xml version="1.0" encoding="UTF-8"?>
<!-- Generated by org.testng.reporters.JUnitReportReporter -->
<testsuite hostname="DESKTOP-9OTVNOD" failures="0" tests="1" name="testScritptTwo.LockedOutUser" time="6.465" errors="0" timestamp="16 Apr 2022 16:25:35 GMT">
  <testcase classname="testScritptTwo.LockedOutUser" name="standaredUser" time="6.465"/>
</testsuite> <!-- testScritptTwo.LockedOutUser -->
