<?xml version="1.0" encoding="UTF-8"?>
<!-- Generated by org.testng.reporters.JUnitReportReporter -->
<testsuite hostname="DESKTOP-9OTVNOD" failures="0" tests="3" name="testScript.TestNGLearning" time="0.081" errors="0" timestamp="15 Apr 2022 14:16:32 GMT">
  <testcase classname="testScript.TestNGLearning" name="B" time="0.009"/>
  <testcase classname="testScript.TestNGLearning" name="C" time="0.065"/>
  <testcase classname="testScript.TestNGLearning" name="A" time="0.007"/>
</testsuite> <!-- testScript.TestNGLearning -->
