<?xml version="1.0" encoding="UTF-8"?>
<!-- Generated by org.testng.reporters.JUnitReportReporter -->
<testsuite hostname="DESKTOP-9OTVNOD" failures="0" tests="1" name="testScritptTwo.PerformanceGlitchUser" time="13.363" errors="0" timestamp="16 Apr 2022 16:25:35 GMT">
  <testcase classname="testScritptTwo.PerformanceGlitchUser" name="standaredUser" time="13.363"/>
</testsuite> <!-- testScritptTwo.PerformanceGlitchUser -->
