<?xml version="1.0" encoding="UTF-8"?>
<!-- Generated by org.testng.reporters.JUnitReportReporter -->
<testsuite hostname="DESKTOP-9OTVNOD" name="testScritptThree.StandardUser" tests="1" failures="0" timestamp="18 Apr 2022 19:27:30 GMT" time="2.526" errors="0">
  <testcase name="standaredUser" time="2.526" classname="testScritptThree.StandardUser"/>
</testsuite> <!-- testScritptThree.StandardUser -->
