<?xml version="1.0" encoding="UTF-8"?>
<!-- Generated by org.testng.reporters.JUnitReportReporter -->
<testsuite hostname="DESKTOP-9OTVNOD" failures="0" tests="3" name="testScript.TestNGLearning" time="0.035" errors="0" timestamp="1 Apr 2022 01:04:09 GMT">
  <testcase classname="testScript.TestNGLearning" name="C" time="0.022"/>
  <testcase classname="testScript.TestNGLearning" name="B" time="0.009"/>
  <testcase classname="testScript.TestNGLearning" name="A" time="0.004"/>
</testsuite> <!-- testScript.TestNGLearning -->
